[2023-04-13 14:21:21] [ INFO ] [PacienteService:45] Se creo un paciente
[2023-04-13 14:21:21] [ INFO ] [PacienteService:45] Se creo un paciente
[2023-04-13 14:21:21] [ INFO ] [OdontologoService:38] Se guardo un Odontologo
[2023-04-13 14:21:21] [ INFO ] [OdontologoService:38] Se guardo un Odontologo
[2023-04-13 14:21:21] [ INFO ] [TurnoService:43] Se inicio el guardado de un turno
[2023-04-13 14:21:21] [ INFO ] [PacienteService:33] Se inicio la busqueda de un paciente por id
[2023-04-13 14:21:21] [ INFO ] [OdontologoService:32] Se busco un odontologo por su ID
[2023-04-13 14:21:21] [ INFO ] [TurnoService:43] Se inicio el guardado de un turno
[2023-04-13 14:21:21] [ INFO ] [PacienteService:33] Se inicio la busqueda de un paciente por id
[2023-04-13 14:21:21] [ INFO ] [OdontologoService:32] Se busco un odontologo por su ID
[2023-04-13 14:29:05] [ INFO ] [PacienteService:45] Se creo un paciente
[2023-04-13 14:29:05] [ INFO ] [PacienteService:45] Se creo un paciente
[2023-04-13 14:29:05] [ INFO ] [OdontologoService:38] Se guardo un Odontologo
[2023-04-13 14:29:05] [ INFO ] [OdontologoService:38] Se guardo un Odontologo
[2023-04-13 14:29:05] [ INFO ] [TurnoService:43] Se inicio el guardado de un turno
[2023-04-13 14:29:05] [ INFO ] [PacienteService:33] Se inicio la busqueda de un paciente por id
[2023-04-13 14:29:06] [ INFO ] [OdontologoService:32] Se busco un odontologo por su ID
[2023-04-13 14:29:06] [ INFO ] [TurnoService:43] Se inicio el guardado de un turno
[2023-04-13 14:29:06] [ INFO ] [PacienteService:33] Se inicio la busqueda de un paciente por id
[2023-04-13 14:29:06] [ INFO ] [OdontologoService:32] Se busco un odontologo por su ID
[2023-04-13 14:29:11] [ INFO ] [UsuarioService:30] Se encontro un usuario
[2023-04-13 14:29:16] [ INFO ] [OdontologoService:26] Se buscaron todos los odontologos
[2023-04-13 14:29:17] [ INFO ] [OdontologoService:44] Se inicio el proceso de borrado de un Odontologo
[2023-04-13 14:29:17] [ INFO ] [OdontologoService:26] Se buscaron todos los odontologos
[2023-04-13 14:29:20] [ INFO ] [PacienteService:27] Se inicio la busqueda de todos los pacientes
[2023-04-13 14:29:21] [ INFO ] [OdontologoService:26] Se buscaron todos los odontologos
[2023-04-13 14:29:22] [ INFO ] [PacienteService:27] Se inicio la busqueda de todos los pacientes
[2023-04-13 14:29:23] [ INFO ] [PacienteService:68] Se inicio la eliminacion de un paciente
[2023-04-13 14:29:23] [ INFO ] [PacienteService:27] Se inicio la busqueda de todos los pacientes
[2023-04-13 14:29:24] [ INFO ] [TurnoService:110] Se inicio la busqueda de todos los turnos
[2023-04-13 14:29:24] [ INFO ] [TurnoService:110] Se inicio la busqueda de todos los turnos
[2023-04-13 14:29:25] [ INFO ] [TurnoService:76] Se inicio la eliminacion de un turno
[2023-04-13 14:29:25] [ INFO ] [TurnoService:110] Se inicio la busqueda de todos los turnos
[2023-04-13 14:29:25] [ INFO ] [TurnoService:110] Se inicio la busqueda de todos los turnos
[2023-04-13 14:29:27] [ INFO ] [OdontologoService:26] Se buscaron todos los odontologos
[2023-04-13 14:29:29] [ INFO ] [OdontologoService:44] Se inicio el proceso de borrado de un Odontologo
[2023-04-13 14:29:29] [ INFO ] [OdontologoService:26] Se buscaron todos los odontologos
[2023-04-13 14:29:30] [ INFO ] [PacienteService:27] Se inicio la busqueda de todos los pacientes
[2023-04-13 14:29:36] [ INFO ] [OdontologoService:26] Se buscaron todos los odontologos
[2023-04-13 14:29:38] [ INFO ] [TurnoService:110] Se inicio la busqueda de todos los turnos
[2023-04-13 14:29:38] [ INFO ] [TurnoService:110] Se inicio la busqueda de todos los turnos
[2023-04-13 14:29:39] [ INFO ] [PacienteService:27] Se inicio la busqueda de todos los pacientes
[2023-04-13 14:29:41] [ INFO ] [PacienteService:27] Se inicio la busqueda de todos los pacientes
[2023-04-13 14:29:56] [ INFO ] [UsuarioService:30] Se encontro un usuario
[2023-04-13 14:30:01] [ INFO ] [TurnoService:110] Se inicio la busqueda de todos los turnos
[2023-04-13 14:30:01] [ INFO ] [TurnoService:110] Se inicio la busqueda de todos los turnos
[2023-04-13 14:30:02] [ INFO ] [TurnoService:76] Se inicio la eliminacion de un turno
[2023-04-13 14:30:02] [ INFO ] [TurnoService:110] Se inicio la busqueda de todos los turnos
[2023-04-13 14:30:02] [ INFO ] [TurnoService:110] Se inicio la busqueda de todos los turnos
[2023-04-14 00:59:43] [ INFO ] [PacienteService:45] Se creo un paciente
[2023-04-14 00:59:43] [ INFO ] [PacienteService:45] Se creo un paciente
[2023-04-14 00:59:43] [ INFO ] [OdontologoService:38] Se guardo un Odontologo
[2023-04-14 00:59:43] [ INFO ] [OdontologoService:38] Se guardo un Odontologo
[2023-04-14 00:59:43] [ INFO ] [TurnoService:43] Se inicio el guardado de un turno
[2023-04-14 00:59:43] [ INFO ] [PacienteService:33] Se inicio la busqueda de un paciente por id
[2023-04-14 00:59:43] [ INFO ] [OdontologoService:32] Se busco un odontologo por su ID
[2023-04-14 00:59:43] [ INFO ] [TurnoService:43] Se inicio el guardado de un turno
[2023-04-14 00:59:43] [ INFO ] [PacienteService:33] Se inicio la busqueda de un paciente por id
[2023-04-14 00:59:43] [ INFO ] [OdontologoService:32] Se busco un odontologo por su ID
[2023-04-14 01:03:04] [ INFO ] [UsuarioService:30] Se encontro un usuario
[2023-04-14 01:03:15] [ INFO ] [PacienteService:27] Se inicio la busqueda de todos los pacientes
[2023-04-14 01:03:19] [ INFO ] [PacienteService:68] Se inicio la eliminacion de un paciente
[2023-04-14 01:03:19] [ INFO ] [PacienteService:27] Se inicio la busqueda de todos los pacientes
[2023-04-14 01:03:27] [ INFO ] [PacienteService:27] Se inicio la busqueda de todos los pacientes
[2023-04-14 01:03:27] [ INFO ] [PacienteService:27] Se inicio la busqueda de todos los pacientes
[2023-04-14 01:03:28] [ INFO ] [PacienteService:27] Se inicio la busqueda de todos los pacientes
[2023-04-14 01:03:36] [ INFO ] [PacienteService:51] Se actualizo un paciente
[2023-04-14 01:03:36] [ INFO ] [PacienteService:27] Se inicio la busqueda de todos los pacientes
[2023-04-14 01:03:40] [ INFO ] [OdontologoService:26] Se buscaron todos los odontologos
[2023-04-14 01:03:46] [ INFO ] [OdontologoService:44] Se inicio el proceso de borrado de un Odontologo
[2023-04-14 01:03:46] [ INFO ] [OdontologoService:26] Se buscaron todos los odontologos
[2023-04-14 01:03:53] [ INFO ] [OdontologoService:58] Se inicio la actualizacion de un Odontologo
[2023-04-14 01:03:53] [ INFO ] [OdontologoService:26] Se buscaron todos los odontologos
[2023-04-14 01:04:01] [ INFO ] [TurnoService:110] Se inicio la busqueda de todos los turnos
[2023-04-14 01:04:01] [ INFO ] [TurnoService:110] Se inicio la busqueda de todos los turnos
[2023-04-14 01:04:04] [ INFO ] [TurnoService:76] Se inicio la eliminacion de un turno
[2023-04-14 01:04:04] [ INFO ] [TurnoService:110] Se inicio la busqueda de todos los turnos
[2023-04-14 01:04:04] [ INFO ] [TurnoService:110] Se inicio la busqueda de todos los turnos
[2023-04-14 01:04:40] [ INFO ] [PacienteService:27] Se inicio la busqueda de todos los pacientes
[2023-04-14 01:04:40] [ INFO ] [OdontologoService:26] Se buscaron todos los odontologos
[2023-04-17 17:45:49] [ INFO ] [PacienteService:45] Se creo un paciente
[2023-04-17 17:46:59] [ INFO ] [PacienteService:45] Se creo un paciente
[2023-04-17 17:46:59] [ INFO ] [PacienteService:27] Se inicio la busqueda de todos los pacientes
[2023-04-18 16:36:24] [ INFO ] [OdontologoService:38] Se guardo un Odontologo
[2023-04-18 16:36:24] [ INFO ] [OdontologoService:32] Se busco un odontologo por su ID
[2023-04-18 16:36:24] [ INFO ] [OdontologoService:38] Se guardo un Odontologo
[2023-04-18 16:36:24] [ INFO ] [OdontologoService:26] Se buscaron todos los odontologos
[2023-04-18 16:36:24] [ INFO ] [OdontologoService:58] Se inicio la actualizacion de un Odontologo
[2023-04-18 16:36:24] [ INFO ] [OdontologoService:44] Se inicio el proceso de borrado de un Odontologo
[2023-04-18 16:36:24] [ INFO ] [OdontologoService:44] Se inicio el proceso de borrado de un Odontologo
[2023-04-18 16:36:24] [ INFO ] [OdontologoService:26] Se buscaron todos los odontologos
[2023-04-18 18:24:49] [ INFO ] [OdontologoService:38] Se guardo un Odontologo
[2023-04-18 18:24:49] [ INFO ] [OdontologoService:32] Se busco un odontologo por su ID
[2023-04-18 18:24:49] [ INFO ] [OdontologoService:38] Se guardo un Odontologo
[2023-04-18 18:24:49] [ INFO ] [OdontologoService:26] Se buscaron todos los odontologos
[2023-04-18 18:24:49] [ INFO ] [OdontologoService:58] Se inicio la actualizacion de un Odontologo
[2023-04-18 18:24:49] [ INFO ] [OdontologoService:44] Se inicio el proceso de borrado de un Odontologo
[2023-04-18 18:24:49] [ INFO ] [OdontologoService:44] Se inicio el proceso de borrado de un Odontologo
[2023-04-18 18:24:49] [ INFO ] [OdontologoService:26] Se buscaron todos los odontologos
